<?xml version="1.0" encoding="UTF-8"?>
<Site BuildName="Linux-g++"
	BuildStamp="20230118-1518-Experimental"
	Name="ASUS"
	Generator="ctest-3.22.1"
	CompilerName="/usr/bin/g++"
	CompilerVersion="11.3.0"
	OSName="Linux"
	Hostname="ASUS"
	OSRelease="5.15.0-58-generic"
	OSVersion="#64-Ubuntu SMP Thu Jan 5 11:43:13 UTC 2023"
	OSPlatform="x86_64"
	Is64Bits="1"
	VendorString="AuthenticAMD"
	VendorID="Advanced Micro Devices"
	FamilyID="25"
	ModelID="80"
	ProcessorCacheSize="512"
	NumberOfLogicalCPU="16"
	NumberOfPhysicalCPU="8"
	TotalVirtualMemory="2047"
	TotalPhysicalMemory="15397"
	LogicalProcessorsPerPhysical="2"
	ProcessorClockFrequency="3329.73"
	>
	<Testing>
		<StartDateTime>Jan 18 16:18 CET</StartDateTime>
		<StartTestTime>1674055113</StartTestTime>
		<TestList/>
		<EndDateTime>Jan 18 16:18 CET</EndDateTime>
		<EndTestTime>1674055113</EndTestTime>
		<ElapsedMinutes>0</ElapsedMinutes>
	</Testing>
</Site>
